2026-03-28 23:40:28 [[32minfo[39m]: Initializing Socket.IO...
2026-03-28 23:40:36 [[32minfo[39m]: Initializing Socket.IO...
2026-03-28 23:41:00 [[32minfo[39m]: Initializing Socket.IO...
2026-03-28 23:41:19 [[31merror[39m]: Error: Session not found
    at Object.getMe (C:\Shakil Dev\EchoNet\backend\src\app\module\auth\auth.service.ts:105:15)
    at process.processTicksAndRejections (node:internal/process/task_queues:105:5)
    at async <anonymous> (C:\Shakil Dev\EchoNet\backend\src\app\module\auth\auth.controller.ts:141:20)
    at async <anonymous> (C:\Shakil Dev\EchoNet\backend\src\app\utils\catchAsync.ts:6:7)
2026-03-28 23:41:39 [[31merror[39m]: Error: Session not found
    at Object.getMe (C:\Shakil Dev\EchoNet\backend\src\app\module\auth\auth.service.ts:105:15)
    at process.processTicksAndRejections (node:internal/process/task_queues:105:5)
    at async <anonymous> (C:\Shakil Dev\EchoNet\backend\src\app\module\auth\auth.controller.ts:141:20)
    at async <anonymous> (C:\Shakil Dev\EchoNet\backend\src\app\utils\catchAsync.ts:6:7)
2026-03-28 23:43:03 [[31merror[39m]: Error: Session not found
    at Object.getMe (C:\Shakil Dev\EchoNet\backend\src\app\module\auth\auth.service.ts:105:15)
    at process.processTicksAndRejections (node:internal/process/task_queues:105:5)
    at async <anonymous> (C:\Shakil Dev\EchoNet\backend\src\app\module\auth\auth.controller.ts:141:20)
    at async <anonymous> (C:\Shakil Dev\EchoNet\backend\src\app\utils\catchAsync.ts:6:7)
2026-03-28 23:44:17 [[32minfo[39m]: Initializing Socket.IO...
2026-03-28 23:44:26 [[32minfo[39m]: Initializing Socket.IO...
2026-03-28 23:44:35 [[32minfo[39m]: Initializing Socket.IO...
2026-03-28 23:45:02 [[31merror[39m]: Error: Session not found
    at Object.getMe (C:\Shakil Dev\EchoNet\backend\src\app\module\auth\auth.service.ts:105:15)
    at process.processTicksAndRejections (node:internal/process/task_queues:105:5)
    at async <anonymous> (C:\Shakil Dev\EchoNet\backend\src\app\module\auth\auth.controller.ts:129:20)
    at async <anonymous> (C:\Shakil Dev\EchoNet\backend\src\app\utils\catchAsync.ts:6:7)
2026-03-28 23:47:32 [[31merror[39m]: Error: Session not found
    at Object.getMe (C:\Shakil Dev\EchoNet\backend\src\app\module\auth\auth.service.ts:105:15)
    at process.processTicksAndRejections (node:internal/process/task_queues:105:5)
    at async <anonymous> (C:\Shakil Dev\EchoNet\backend\src\app\module\auth\auth.controller.ts:129:20)
    at async <anonymous> (C:\Shakil Dev\EchoNet\backend\src\app\utils\catchAsync.ts:6:7)
2026-03-28 23:47:56 [[32minfo[39m]: Initializing Socket.IO...
2026-03-28 23:48:30 [[32minfo[39m]: Initializing Socket.IO...
2026-03-28 23:49:22 [[31merror[39m]: Error: Session not found
    at Object.getMe (C:\Shakil Dev\EchoNet\backend\src\app\module\auth\auth.service.ts:105:15)
    at process.processTicksAndRejections (node:internal/process/task_queues:105:5)
    at async <anonymous> (C:\Shakil Dev\EchoNet\backend\src\app\module\auth\auth.controller.ts:124:20)
    at async <anonymous> (C:\Shakil Dev\EchoNet\backend\src\app\utils\catchAsync.ts:6:7)
2026-03-28 23:49:39 [[31merror[39m]: Error: Session not found
    at Object.getMe (C:\Shakil Dev\EchoNet\backend\src\app\module\auth\auth.service.ts:105:15)
    at process.processTicksAndRejections (node:internal/process/task_queues:105:5)
    at async <anonymous> (C:\Shakil Dev\EchoNet\backend\src\app\module\auth\auth.controller.ts:124:20)
    at async <anonymous> (C:\Shakil Dev\EchoNet\backend\src\app\utils\catchAsync.ts:6:7)
2026-03-28 23:51:44 [[32minfo[39m]: Initializing Socket.IO...
2026-03-28 23:52:43 [[32minfo[39m]: Initializing Socket.IO...
2026-03-28 23:53:05 [[31merror[39m]: Error: Session not found
    at Object.getMe (C:\Shakil Dev\EchoNet\backend\src\app\module\auth\auth.service.ts:105:15)
    at process.processTicksAndRejections (node:internal/process/task_queues:105:5)
    at async <anonymous> (C:\Shakil Dev\EchoNet\backend\src\app\module\auth\auth.controller.ts:124:20)
    at async <anonymous> (C:\Shakil Dev\EchoNet\backend\src\app\utils\catchAsync.ts:6:7)
2026-03-28 23:53:13 [[31merror[39m]: Error: Session not found
    at Object.getMe (C:\Shakil Dev\EchoNet\backend\src\app\module\auth\auth.service.ts:105:15)
    at process.processTicksAndRejections (node:internal/process/task_queues:105:5)
    at async <anonymous> (C:\Shakil Dev\EchoNet\backend\src\app\module\auth\auth.controller.ts:124:20)
    at async <anonymous> (C:\Shakil Dev\EchoNet\backend\src\app\utils\catchAsync.ts:6:7)
2026-03-28 23:53:33 [[31merror[39m]: Error: Session not found
    at Object.getMe (C:\Shakil Dev\EchoNet\backend\src\app\module\auth\auth.service.ts:105:15)
    at process.processTicksAndRejections (node:internal/process/task_queues:105:5)
    at async <anonymous> (C:\Shakil Dev\EchoNet\backend\src\app\module\auth\auth.controller.ts:124:20)
    at async <anonymous> (C:\Shakil Dev\EchoNet\backend\src\app\utils\catchAsync.ts:6:7)
2026-03-28 23:54:38 [[31merror[39m]: Error: Session not found
    at Object.getMe (C:\Shakil Dev\EchoNet\backend\src\app\module\auth\auth.service.ts:105:15)
    at process.processTicksAndRejections (node:internal/process/task_queues:105:5)
    at async <anonymous> (C:\Shakil Dev\EchoNet\backend\src\app\module\auth\auth.controller.ts:124:20)
    at async <anonymous> (C:\Shakil Dev\EchoNet\backend\src\app\utils\catchAsync.ts:6:7)
2026-03-28 23:55:15 [[31merror[39m]: Error: Session not found
    at Object.getMe (C:\Shakil Dev\EchoNet\backend\src\app\module\auth\auth.service.ts:105:15)
    at process.processTicksAndRejections (node:internal/process/task_queues:105:5)
    at async <anonymous> (C:\Shakil Dev\EchoNet\backend\src\app\module\auth\auth.controller.ts:124:20)
    at async <anonymous> (C:\Shakil Dev\EchoNet\backend\src\app\utils\catchAsync.ts:6:7)
2026-03-28 23:55:29 [[32minfo[39m]: Initializing Socket.IO...
2026-03-28 23:55:45 [[31merror[39m]: Error: Session not found
    at Object.getMe (C:\Shakil Dev\EchoNet\backend\src\app\module\auth\auth.service.ts:105:15)
    at process.processTicksAndRejections (node:internal/process/task_queues:105:5)
    at async <anonymous> (C:\Shakil Dev\EchoNet\backend\src\app\module\auth\auth.controller.ts:124:20)
    at async <anonymous> (C:\Shakil Dev\EchoNet\backend\src\app\utils\catchAsync.ts:6:7)
2026-03-28 23:56:09 [[31merror[39m]: Error: Session not found
    at Object.getMe (C:\Shakil Dev\EchoNet\backend\src\app\module\auth\auth.service.ts:105:15)
    at process.processTicksAndRejections (node:internal/process/task_queues:105:5)
    at async <anonymous> (C:\Shakil Dev\EchoNet\backend\src\app\module\auth\auth.controller.ts:124:20)
    at async <anonymous> (C:\Shakil Dev\EchoNet\backend\src\app\utils\catchAsync.ts:6:7)
2026-03-28 23:57:54 [[32minfo[39m]: Initializing Socket.IO...
2026-03-28 23:58:00 [[31merror[39m]: Error: Session not found
    at Object.getMe (C:\Shakil Dev\EchoNet\backend\src\app\module\auth\auth.service.ts:105:15)
    at process.processTicksAndRejections (node:internal/process/task_queues:105:5)
    at async <anonymous> (C:\Shakil Dev\EchoNet\backend\src\app\module\auth\auth.controller.ts:132:20)
    at async <anonymous> (C:\Shakil Dev\EchoNet\backend\src\app\utils\catchAsync.ts:6:7)
2026-03-29 00:01:29 [[32minfo[39m]: Initializing Socket.IO...
2026-03-29 00:01:36 [[32minfo[39m]: Initializing Socket.IO...
2026-03-29 00:01:50 [[32minfo[39m]: Initializing Socket.IO...
2026-03-29 00:02:35 [[31merror[39m]: Error: Session not found
    at Object.getMe (C:\Shakil Dev\EchoNet\backend\src\app\module\auth\auth.service.ts:105:15)
    at process.processTicksAndRejections (node:internal/process/task_queues:105:5)
    at async <anonymous> (C:\Shakil Dev\EchoNet\backend\src\app\module\auth\auth.controller.ts:116:20)
    at async <anonymous> (C:\Shakil Dev\EchoNet\backend\src\app\utils\catchAsync.ts:6:7)
2026-03-29 00:03:29 [[31merror[39m]: Error: Session not found
    at Object.getMe (C:\Shakil Dev\EchoNet\backend\src\app\module\auth\auth.service.ts:105:15)
    at process.processTicksAndRejections (node:internal/process/task_queues:105:5)
    at async <anonymous> (C:\Shakil Dev\EchoNet\backend\src\app\module\auth\auth.controller.ts:116:20)
    at async <anonymous> (C:\Shakil Dev\EchoNet\backend\src\app\utils\catchAsync.ts:6:7)
2026-03-29 00:04:16 [[31merror[39m]: Error: Session not found
    at Object.getMe (C:\Shakil Dev\EchoNet\backend\src\app\module\auth\auth.service.ts:105:15)
    at process.processTicksAndRejections (node:internal/process/task_queues:105:5)
    at async <anonymous> (C:\Shakil Dev\EchoNet\backend\src\app\module\auth\auth.controller.ts:116:20)
    at async <anonymous> (C:\Shakil Dev\EchoNet\backend\src\app\utils\catchAsync.ts:6:7)
2026-03-29 00:04:26 [[32minfo[39m]: Initializing Socket.IO...
2026-03-29 00:04:35 [[32minfo[39m]: Initializing Socket.IO...
2026-03-29 00:05:06 [[31merror[39m]: Error: Session not found
    at Object.getMe (C:\Shakil Dev\EchoNet\backend\src\app\module\auth\auth.service.ts:105:15)
    at process.processTicksAndRejections (node:internal/process/task_queues:105:5)
    at async <anonymous> (C:\Shakil Dev\EchoNet\backend\src\app\module\auth\auth.controller.ts:120:20)
    at async <anonymous> (C:\Shakil Dev\EchoNet\backend\src\app\utils\catchAsync.ts:6:7)
2026-03-29 00:05:18 [[31merror[39m]: Error: Session not found
    at Object.getMe (C:\Shakil Dev\EchoNet\backend\src\app\module\auth\auth.service.ts:105:15)
    at process.processTicksAndRejections (node:internal/process/task_queues:105:5)
    at async <anonymous> (C:\Shakil Dev\EchoNet\backend\src\app\module\auth\auth.controller.ts:120:20)
    at async <anonymous> (C:\Shakil Dev\EchoNet\backend\src\app\utils\catchAsync.ts:6:7)
2026-03-29 00:07:34 [[32minfo[39m]: Initializing Socket.IO...
2026-03-29 00:07:42 [[32minfo[39m]: Initializing Socket.IO...
2026-03-29 00:08:16 [[31merror[39m]: Error: Session not found
    at Object.getMe (C:\Shakil Dev\EchoNet\backend\src\app\module\auth\auth.service.ts:109:15)
    at process.processTicksAndRejections (node:internal/process/task_queues:105:5)
    at async <anonymous> (C:\Shakil Dev\EchoNet\backend\src\app\module\auth\auth.controller.ts:120:20)
    at async <anonymous> (C:\Shakil Dev\EchoNet\backend\src\app\utils\catchAsync.ts:6:7)
2026-03-29 00:10:23 [[32minfo[39m]: Initializing Socket.IO...
2026-03-29 00:10:30 [[31merror[39m]: Error: Session not found
    at Object.getMe (C:\Shakil Dev\EchoNet\backend\src\app\module\auth\auth.service.ts:109:15)
    at process.processTicksAndRejections (node:internal/process/task_queues:105:5)
    at async <anonymous> (C:\Shakil Dev\EchoNet\backend\src\app\module\auth\auth.controller.ts:120:20)
    at async <anonymous> (C:\Shakil Dev\EchoNet\backend\src\app\utils\catchAsync.ts:6:7)
2026-03-29 00:10:47 [[31merror[39m]: Error: Session not found
    at Object.getMe (C:\Shakil Dev\EchoNet\backend\src\app\module\auth\auth.service.ts:109:15)
    at process.processTicksAndRejections (node:internal/process/task_queues:105:5)
    at async <anonymous> (C:\Shakil Dev\EchoNet\backend\src\app\module\auth\auth.controller.ts:120:20)
    at async <anonymous> (C:\Shakil Dev\EchoNet\backend\src\app\utils\catchAsync.ts:6:7)
2026-03-29 00:11:07 [[31merror[39m]: Error: Session not found
    at Object.getMe (C:\Shakil Dev\EchoNet\backend\src\app\module\auth\auth.service.ts:109:15)
    at process.processTicksAndRejections (node:internal/process/task_queues:105:5)
    at async <anonymous> (C:\Shakil Dev\EchoNet\backend\src\app\module\auth\auth.controller.ts:120:20)
    at async <anonymous> (C:\Shakil Dev\EchoNet\backend\src\app\utils\catchAsync.ts:6:7)
2026-03-29 00:11:40 [[32minfo[39m]: Initializing Socket.IO...
2026-03-29 00:12:11 [[32minfo[39m]: Initializing Socket.IO...
2026-03-29 00:13:28 [[31merror[39m]: Error: Session not found
    at Object.getMe (C:\Shakil Dev\EchoNet\backend\src\app\module\auth\auth.service.ts:115:15)
    at process.processTicksAndRejections (node:internal/process/task_queues:105:5)
    at async <anonymous> (C:\Shakil Dev\EchoNet\backend\src\app\module\auth\auth.controller.ts:120:20)
    at async <anonymous> (C:\Shakil Dev\EchoNet\backend\src\app\utils\catchAsync.ts:6:7)
2026-03-29 00:14:49 [[32minfo[39m]: Initializing Socket.IO...
2026-03-29 00:15:08 [[31merror[39m]: Error: Session not found
    at Object.getMe (C:\Shakil Dev\EchoNet\backend\src\app\module\auth\auth.service.ts:116:15)
    at process.processTicksAndRejections (node:internal/process/task_queues:105:5)
    at async <anonymous> (C:\Shakil Dev\EchoNet\backend\src\app\module\auth\auth.controller.ts:120:20)
    at async <anonymous> (C:\Shakil Dev\EchoNet\backend\src\app\utils\catchAsync.ts:6:7)
2026-03-29 00:15:38 [[32minfo[39m]: Initializing Socket.IO...
2026-03-29 00:15:49 [[31merror[39m]: Error: You are not authorized
    at <anonymous> (C:\Shakil Dev\EchoNet\backend\src\app\middleware\auth.ts:38:15)
    at process.processTicksAndRejections (node:internal/process/task_queues:105:5)
2026-03-29 00:17:06 [[32minfo[39m]: Initializing Socket.IO...
2026-03-29 00:17:54 [[31merror[39m]: Error: Session not found
    at Object.getMe (C:\Shakil Dev\EchoNet\backend\src\app\module\auth\auth.service.ts:116:15)
    at process.processTicksAndRejections (node:internal/process/task_queues:105:5)
    at async <anonymous> (C:\Shakil Dev\EchoNet\backend\src\app\module\auth\auth.controller.ts:120:20)
    at async <anonymous> (C:\Shakil Dev\EchoNet\backend\src\app\utils\catchAsync.ts:6:7)
2026-03-29 00:18:57 [[32minfo[39m]: Initializing Socket.IO...
2026-03-29 00:19:35 [[31merror[39m]: Error: Session not found
    at Object.getMe (C:\Shakil Dev\EchoNet\backend\src\app\module\auth\auth.service.ts:116:15)
    at process.processTicksAndRejections (node:internal/process/task_queues:105:5)
    at async <anonymous> (C:\Shakil Dev\EchoNet\backend\src\app\module\auth\auth.controller.ts:120:20)
    at async <anonymous> (C:\Shakil Dev\EchoNet\backend\src\app\utils\catchAsync.ts:6:7)
2026-03-29 00:19:44 [[32minfo[39m]: Initializing Socket.IO...
2026-03-29 00:20:00 [[32minfo[39m]: Initializing Socket.IO...
2026-03-29 00:20:15 [[31merror[39m]: Error: Session not found
    at Object.getMe (C:\Shakil Dev\EchoNet\backend\src\app\module\auth\auth.service.ts:116:15)
    at process.processTicksAndRejections (node:internal/process/task_queues:105:5)
    at async <anonymous> (C:\Shakil Dev\EchoNet\backend\src\app\module\auth\auth.controller.ts:120:20)
    at async <anonymous> (C:\Shakil Dev\EchoNet\backend\src\app\utils\catchAsync.ts:6:7)
2026-03-29 00:22:34 [[31merror[39m]: Error: Session not found
    at Object.getMe (C:\Shakil Dev\EchoNet\backend\src\app\module\auth\auth.service.ts:116:15)
    at process.processTicksAndRejections (node:internal/process/task_queues:105:5)
    at async <anonymous> (C:\Shakil Dev\EchoNet\backend\src\app\module\auth\auth.controller.ts:120:20)
    at async <anonymous> (C:\Shakil Dev\EchoNet\backend\src\app\utils\catchAsync.ts:6:7)
2026-03-29 00:22:47 [[31merror[39m]: Error: Session not found
    at Object.getMe (C:\Shakil Dev\EchoNet\backend\src\app\module\auth\auth.service.ts:116:15)
    at process.processTicksAndRejections (node:internal/process/task_queues:105:5)
    at async <anonymous> (C:\Shakil Dev\EchoNet\backend\src\app\module\auth\auth.controller.ts:120:20)
    at async <anonymous> (C:\Shakil Dev\EchoNet\backend\src\app\utils\catchAsync.ts:6:7)
2026-03-29 00:23:07 [[31merror[39m]: Error: Session not found
    at Object.getMe (C:\Shakil Dev\EchoNet\backend\src\app\module\auth\auth.service.ts:116:15)
    at process.processTicksAndRejections (node:internal/process/task_queues:105:5)
    at async <anonymous> (C:\Shakil Dev\EchoNet\backend\src\app\module\auth\auth.controller.ts:120:20)
    at async <anonymous> (C:\Shakil Dev\EchoNet\backend\src\app\utils\catchAsync.ts:6:7)
2026-03-29 00:23:31 [[31merror[39m]: Error: Session not found
    at Object.getMe (C:\Shakil Dev\EchoNet\backend\src\app\module\auth\auth.service.ts:116:15)
    at process.processTicksAndRejections (node:internal/process/task_queues:105:5)
    at async <anonymous> (C:\Shakil Dev\EchoNet\backend\src\app\module\auth\auth.controller.ts:120:20)
    at async <anonymous> (C:\Shakil Dev\EchoNet\backend\src\app\utils\catchAsync.ts:6:7)
2026-03-29 00:27:51 [[32minfo[39m]: Initializing Socket.IO...
2026-03-29 00:28:00 [[31merror[39m]: Error: Session not found
    at Object.getMe (C:\Shakil Dev\EchoNet\backend\src\app\module\auth\auth.service.ts:117:15)
    at process.processTicksAndRejections (node:internal/process/task_queues:105:5)
    at async <anonymous> (C:\Shakil Dev\EchoNet\backend\src\app\module\auth\auth.controller.ts:120:20)
    at async <anonymous> (C:\Shakil Dev\EchoNet\backend\src\app\utils\catchAsync.ts:6:7)
2026-03-29 00:28:22 [[31merror[39m]: Error: Session not found
    at Object.getMe (C:\Shakil Dev\EchoNet\backend\src\app\module\auth\auth.service.ts:117:15)
    at process.processTicksAndRejections (node:internal/process/task_queues:105:5)
    at async <anonymous> (C:\Shakil Dev\EchoNet\backend\src\app\module\auth\auth.controller.ts:120:20)
    at async <anonymous> (C:\Shakil Dev\EchoNet\backend\src\app\utils\catchAsync.ts:6:7)
2026-03-29 00:31:05 [[32minfo[39m]: Initializing Socket.IO...
2026-03-29 00:31:17 [[32minfo[39m]: Initializing Socket.IO...
2026-03-29 00:32:07 [[32minfo[39m]: User 8VuJmPhBz0M3RmpHF6NeyOhItjQLT4n6 joined their private room
